{"level":"debug","message":"[dbManager.js] Health check passed","timestamp":"2025-02-28 00:00:19"}
{"level":"info","message":"Log file rotated","newFilename":"C:\\Users\\pc790\\whatsfresh\\Projects\\wf-server\\server\\logs\\application-2025-02-28.log","oldFilename":"C:\\Users\\pc790\\whatsfresh\\Projects\\wf-server\\server\\logs\\application-2025-02-27.log","timestamp":"2025-02-28 00:00:19"}
{"level":"debug","message":"[dbManager.js] Health check passed","timestamp":"2025-02-28 00:01:19"}
{"level":"debug","message":"[dbManager.js] Health check passed","timestamp":"2025-02-28 00:02:19"}
{"level":"debug","message":"[dbManager.js] Health check passed","timestamp":"2025-02-28 00:03:19"}
{"level":"debug","message":"[dbManager.js] Health check passed","timestamp":"2025-02-28 00:04:19"}
{"level":"debug","message":"[dbManager.js] Health check passed","timestamp":"2025-02-28 00:05:19"}
{"level":"debug","message":"[dbManager.js] Health check passed","timestamp":"2025-02-28 00:06:19"}
{"level":"debug","message":"[dbManager.js] Health check passed","timestamp":"2025-02-28 00:07:19"}
{"level":"debug","message":"[dbManager.js] Health check passed","timestamp":"2025-02-28 00:08:19"}
{"level":"debug","message":"[dbManager.js] Health check passed","timestamp":"2025-02-28 00:09:19"}
{"level":"debug","message":"[dbManager.js] Health check passed","timestamp":"2025-02-28 00:10:19"}
{"level":"debug","message":"[dbManager.js] Health check passed","timestamp":"2025-02-28 00:11:19"}
{"level":"debug","message":"[dbManager.js] Health check passed","timestamp":"2025-02-28 00:12:19"}
{"level":"debug","message":"[dbManager.js] Health check passed","timestamp":"2025-02-28 00:13:19"}
{"level":"debug","message":"[dbManager.js] Health check passed","timestamp":"2025-02-28 00:14:19"}
{"level":"debug","message":"[dbManager.js] Health check passed","timestamp":"2025-02-28 00:15:19"}
{"level":"debug","message":"[dbManager.js] Health check passed","timestamp":"2025-02-28 00:16:19"}
{"level":"debug","message":"[dbManager.js] Health check passed","timestamp":"2025-02-28 00:17:19"}
{"level":"debug","message":"[dbManager.js] Health check passed","timestamp":"2025-02-28 00:18:19"}
{"level":"debug","message":"[dbManager.js] Health check passed","timestamp":"2025-02-28 00:19:19"}
{"level":"debug","message":"[dbManager.js] Health check passed","timestamp":"2025-02-28 00:20:19"}
{"level":"debug","message":"[dbManager.js] Health check passed","timestamp":"2025-02-28 00:21:19"}
{"level":"debug","message":"[dbManager.js] Health check passed","timestamp":"2025-02-28 00:22:19"}
{"level":"debug","message":"[dbManager.js] Health check passed","timestamp":"2025-02-28 00:23:19"}
{"level":"debug","message":"[dbManager.js] Health check passed","timestamp":"2025-02-28 00:24:19"}
{"level":"debug","message":"[dbManager.js] Health check passed","timestamp":"2025-02-28 00:25:19"}
{"level":"debug","message":"[dbManager.js] Health check passed","timestamp":"2025-02-28 00:26:19"}
{"level":"debug","message":"[dbManager.js] Health check passed","timestamp":"2025-02-28 00:27:19"}
{"level":"debug","message":"[dbManager.js] Health check passed","timestamp":"2025-02-28 00:28:19"}
{"level":"debug","message":"[dbManager.js] Health check passed","timestamp":"2025-02-28 00:29:19"}
{"level":"debug","message":"[dbManager.js] Health check passed","timestamp":"2025-02-28 00:30:19"}
{"level":"debug","message":"[dbManager.js] Health check passed","timestamp":"2025-02-28 00:31:19"}
{"level":"debug","message":"[dbManager.js] Health check passed","timestamp":"2025-02-28 00:32:19"}
{"level":"debug","message":"[dbManager.js] Health check passed","timestamp":"2025-02-28 00:33:19"}
{"level":"debug","message":"[dbManager.js] Health check passed","timestamp":"2025-02-28 00:34:19"}
{"level":"debug","message":"[dbManager.js] Health check passed","timestamp":"2025-02-28 00:35:19"}
{"level":"debug","message":"[dbManager.js] Health check passed","timestamp":"2025-02-28 00:36:19"}
{"level":"debug","message":"[dbManager.js] Health check passed","timestamp":"2025-02-28 00:37:19"}
{"level":"debug","message":"[dbManager.js] Health check passed","timestamp":"2025-02-28 00:38:19"}
{"level":"debug","message":"[dbManager.js] Health check passed","timestamp":"2025-02-28 00:39:19"}
{"level":"debug","message":"[dbManager.js] Health check passed","timestamp":"2025-02-28 00:40:19"}
{"level":"debug","message":"[dbManager.js] Health check passed","timestamp":"2025-02-28 00:41:19"}
{"level":"debug","message":"[dbManager.js] Health check passed","timestamp":"2025-02-28 00:42:19"}
{"level":"debug","message":"[dbManager.js] Health check passed","timestamp":"2025-02-28 00:43:19"}
{"level":"debug","message":"[dbManager.js] Health check passed","timestamp":"2025-02-28 00:44:19"}
{"level":"debug","message":"[dbManager.js] Health check passed","timestamp":"2025-02-28 00:45:19"}
{"level":"debug","message":"[dbManager.js] Health check passed","timestamp":"2025-02-28 00:46:19"}
{"level":"debug","message":"[dbManager.js] Health check passed","timestamp":"2025-02-28 00:47:19"}
{"level":"debug","message":"[dbManager.js] Health check passed","timestamp":"2025-02-28 00:48:19"}
{"level":"debug","message":"[dbManager.js] Health check passed","timestamp":"2025-02-28 00:49:19"}
{"level":"debug","message":"[dbManager.js] Health check passed","timestamp":"2025-02-28 00:50:19"}
{"level":"debug","message":"[dbManager.js] Health check passed","timestamp":"2025-02-28 00:51:19"}
{"level":"debug","message":"[dbManager.js] Health check passed","timestamp":"2025-02-28 00:52:19"}
{"level":"debug","message":"[dbManager.js] Health check passed","timestamp":"2025-02-28 00:53:19"}
{"level":"debug","message":"[dbManager.js] Health check passed","timestamp":"2025-02-28 00:54:19"}
{"level":"debug","message":"[dbManager.js] Health check passed","timestamp":"2025-02-28 00:55:19"}
{"level":"debug","message":"[dbManager.js] Health check passed","timestamp":"2025-02-28 00:56:19"}
{"level":"debug","message":"[dbManager.js] Health check passed","timestamp":"2025-02-28 00:57:19"}
{"level":"debug","message":"[dbManager.js] Health check passed","timestamp":"2025-02-28 00:58:19"}
{"level":"debug","message":"[dbManager.js] Health check passed","timestamp":"2025-02-28 00:59:19"}
{"level":"debug","message":"[dbManager.js] Health check passed","timestamp":"2025-02-28 01:00:19"}
{"level":"debug","message":"[dbManager.js] Health check passed","timestamp":"2025-02-28 01:01:19"}
{"level":"debug","message":"[dbManager.js] Health check passed","timestamp":"2025-02-28 01:02:19"}
{"level":"debug","message":"[dbManager.js] Health check passed","timestamp":"2025-02-28 01:03:19"}
{"level":"debug","message":"[dbManager.js] Health check passed","timestamp":"2025-02-28 01:04:19"}
{"level":"debug","message":"[dbManager.js] Health check passed","timestamp":"2025-02-28 01:05:19"}
{"level":"debug","message":"[dbManager.js] Health check passed","timestamp":"2025-02-28 01:06:19"}
{"level":"debug","message":"[dbManager.js] Health check passed","timestamp":"2025-02-28 01:07:19"}
{"level":"debug","message":"[dbManager.js] Health check passed","timestamp":"2025-02-28 01:08:19"}
{"level":"debug","message":"[dbManager.js] Health check passed","timestamp":"2025-02-28 01:09:19"}
{"level":"debug","message":"[dbManager.js] Health check passed","timestamp":"2025-02-28 01:10:19"}
{"level":"debug","message":"[dbManager.js] Health check passed","timestamp":"2025-02-28 01:11:19"}
{"level":"debug","message":"[dbManager.js] Health check passed","timestamp":"2025-02-28 01:12:19"}
{"level":"debug","message":"[dbManager.js] Health check passed","timestamp":"2025-02-28 01:13:19"}
{"level":"debug","message":"[dbManager.js] Health check passed","timestamp":"2025-02-28 01:14:19"}
{"level":"debug","message":"[dbManager.js] Health check passed","timestamp":"2025-02-28 01:15:19"}
{"level":"debug","message":"[dbManager.js] Health check passed","timestamp":"2025-02-28 01:16:19"}
{"level":"debug","message":"[dbManager.js] Health check passed","timestamp":"2025-02-28 01:17:19"}
{"level":"debug","message":"[dbManager.js] Health check passed","timestamp":"2025-02-28 01:18:19"}
{"level":"debug","message":"[dbManager.js] Health check passed","timestamp":"2025-02-28 01:19:19"}
{"level":"debug","message":"[dbManager.js] Health check passed","timestamp":"2025-02-28 01:20:19"}
{"level":"debug","message":"[dbManager.js] Health check passed","timestamp":"2025-02-28 01:21:19"}
{"level":"debug","message":"[dbManager.js] Health check passed","timestamp":"2025-02-28 01:22:19"}
{"level":"debug","message":"[dbManager.js] Health check passed","timestamp":"2025-02-28 01:23:19"}
{"level":"debug","message":"[dbManager.js] Health check passed","timestamp":"2025-02-28 01:24:19"}
{"level":"debug","message":"[dbManager.js] Health check passed","timestamp":"2025-02-28 01:25:19"}
{"level":"debug","message":"[dbManager.js] Health check passed","timestamp":"2025-02-28 01:26:19"}
{"level":"debug","message":"[dbManager.js] Health check passed","timestamp":"2025-02-28 01:27:19"}
{"level":"debug","message":"[dbManager.js] Health check passed","timestamp":"2025-02-28 01:28:19"}
{"level":"debug","message":"[dbManager.js] Health check passed","timestamp":"2025-02-28 01:29:19"}
{"level":"debug","message":"[dbManager.js] Health check passed","timestamp":"2025-02-28 01:30:19"}
{"level":"debug","message":"[dbManager.js] Health check passed","timestamp":"2025-02-28 01:31:19"}
{"level":"debug","message":"[dbManager.js] Health check passed","timestamp":"2025-02-28 01:32:19"}
{"level":"debug","message":"[dbManager.js] Health check passed","timestamp":"2025-02-28 01:33:19"}
{"level":"debug","message":"[dbManager.js] Health check passed","timestamp":"2025-02-28 01:34:19"}
{"level":"debug","message":"[dbManager.js] Health check passed","timestamp":"2025-02-28 01:35:19"}
{"level":"debug","message":"[dbManager.js] Health check passed","timestamp":"2025-02-28 01:36:19"}
{"level":"debug","message":"[dbManager.js] Health check passed","timestamp":"2025-02-28 01:37:20"}
{"level":"debug","message":"[dbManager.js] Health check passed","timestamp":"2025-02-28 01:38:20"}
{"level":"debug","message":"[dbManager.js] Health check passed","timestamp":"2025-02-28 01:39:20"}
{"level":"debug","message":"[dbManager.js] Health check passed","timestamp":"2025-02-28 01:40:20"}
{"level":"debug","message":"[dbManager.js] Health check passed","timestamp":"2025-02-28 01:41:20"}
{"level":"debug","message":"[dbManager.js] Health check passed","timestamp":"2025-02-28 01:42:20"}
{"level":"debug","message":"[dbManager.js] Health check passed","timestamp":"2025-02-28 01:43:20"}
{"level":"debug","message":"[dbManager.js] Health check passed","timestamp":"2025-02-28 01:44:20"}
{"level":"debug","message":"[dbManager.js] Health check passed","timestamp":"2025-02-28 01:45:20"}
{"level":"debug","message":"[dbManager.js] Health check passed","timestamp":"2025-02-28 01:46:20"}
{"level":"debug","message":"[dbManager.js] Health check passed","timestamp":"2025-02-28 01:47:20"}
{"level":"debug","message":"[dbManager.js] Health check passed","timestamp":"2025-02-28 02:47:57"}
{"level":"debug","message":"[dbManager.js] Health check passed","timestamp":"2025-02-28 07:43:50"}
{"level":"debug","message":"[dbManager.js] Health check passed","timestamp":"2025-02-28 07:44:50"}
{"level":"debug","message":"[dbManager.js] Health check passed","timestamp":"2025-02-28 07:45:50"}
{"level":"debug","message":"[dbManager.js] Health check passed","timestamp":"2025-02-28 07:46:50"}
{"level":"debug","message":"[dbManager.js] Health check passed","timestamp":"2025-02-28 07:47:50"}
{"level":"debug","message":"[dbManager.js] Health check passed","timestamp":"2025-02-28 07:48:50"}
{"level":"debug","message":"[dbManager.js] Health check passed","timestamp":"2025-02-28 07:49:50"}
{"level":"debug","message":"[dbManager.js] Health check passed","timestamp":"2025-02-28 07:50:50"}
{"level":"debug","message":"[dbManager.js] Health check passed","timestamp":"2025-02-28 07:51:50"}
{"level":"debug","message":"[dbManager.js] Health check passed","timestamp":"2025-02-28 07:52:50"}
{"level":"debug","message":"[dbManager.js] Health check passed","timestamp":"2025-02-28 07:53:50"}
{"level":"debug","message":"[dbManager.js] Health check passed","timestamp":"2025-02-28 07:54:50"}
{"level":"debug","message":"[dbManager.js] Health check passed","timestamp":"2025-02-28 07:55:50"}
{"level":"debug","message":"[dbManager.js] Health check passed","timestamp":"2025-02-28 07:56:50"}
{"level":"debug","message":"[dbManager.js] Health check passed","timestamp":"2025-02-28 07:57:50"}
{"level":"debug","message":"[dbManager.js] Health check passed","timestamp":"2025-02-28 07:58:50"}
{"level":"info","message":"[app.js]  Request received: POST /auth/login","timestamp":"2025-02-28 07:59:18"}
{"headers":{"content-type":"application/json","user-agent":"Mozilla/5.0 (Windows NT 10.0; Win64; x64) AppleWebKit/537.36 (KHTML, like Gecko) Chrome/133.0.0.0 Safari/537.36"},"level":"http","message":"[app.js]  Request","method":"POST","path":"/auth/login","timestamp":"2025-02-28 07:59:18"}
{"level":"warn","message":"[server.js] Route not found: POST /auth/login","timestamp":"2025-02-28 07:59:18"}
{"level":"info","message":"Performance measurement for http_request","performance":{"duration":0.9405,"method":"POST","operation":"http_request","path":"/auth/login","status":404},"timestamp":"2025-02-28 07:59:18"}
{"level":"debug","message":"[dbManager.js] Health check passed","timestamp":"2025-02-28 07:59:50"}
{"level":"debug","message":"[dbManager.js] Health check passed","timestamp":"2025-02-28 08:00:50"}
{"level":"debug","message":"[dbManager.js] Health check passed","timestamp":"2025-02-28 08:01:50"}
{"level":"debug","message":"[dbManager.js] Health check passed","timestamp":"2025-02-28 08:02:50"}
{"level":"debug","message":"[dbManager.js] Health check passed","timestamp":"2025-02-28 08:03:50"}
{"level":"debug","message":"[dbManager.js] Health check passed","timestamp":"2025-02-28 08:04:50"}
{"level":"debug","message":"[dbManager.js] Health check passed","timestamp":"2025-02-28 08:05:50"}
{"level":"debug","message":"[dbManager.js] Health check passed","timestamp":"2025-02-28 08:06:50"}
{"level":"debug","message":"[dbManager.js] Health check passed","timestamp":"2025-02-28 08:07:50"}
{"level":"debug","message":"[dbManager.js] Health check passed","timestamp":"2025-02-28 08:08:50"}
{"level":"debug","message":"[dbManager.js] Health check passed","timestamp":"2025-02-28 08:09:50"}
{"level":"debug","message":"[dbManager.js] Health check passed","timestamp":"2025-02-28 08:10:50"}
{"level":"debug","message":"[dbManager.js] Health check passed","timestamp":"2025-02-28 08:11:50"}
{"level":"debug","message":"[dbManager.js] Health check passed","timestamp":"2025-02-28 08:12:50"}
{"level":"debug","message":"[dbManager.js] Health check passed","timestamp":"2025-02-28 08:13:50"}
{"level":"debug","message":"[dbManager.js] Health check passed","timestamp":"2025-02-28 08:14:50"}
{"level":"debug","message":"[dbManager.js] Health check passed","timestamp":"2025-02-28 08:15:50"}
{"level":"debug","message":"[dbManager.js] Health check passed","timestamp":"2025-02-28 08:16:50"}
{"level":"debug","message":"[dbManager.js] Health check passed","timestamp":"2025-02-28 08:17:50"}
{"level":"debug","message":"[dbManager.js] Health check passed","timestamp":"2025-02-28 08:18:50"}
{"level":"debug","message":"[dbManager.js] Health check passed","timestamp":"2025-02-28 08:19:50"}
{"level":"debug","message":"[dbManager.js] Health check passed","timestamp":"2025-02-28 08:20:50"}
{"level":"debug","message":"[dbManager.js] Health check passed","timestamp":"2025-02-28 08:21:50"}
{"level":"debug","message":"[dbManager.js] Health check passed","timestamp":"2025-02-28 08:22:50"}
{"level":"debug","message":"[dbManager.js] Health check passed","timestamp":"2025-02-28 08:23:50"}
{"level":"debug","message":"[dbManager.js] Health check passed","timestamp":"2025-02-28 08:24:50"}
{"level":"debug","message":"[dbManager.js] Health check passed","timestamp":"2025-02-28 08:25:50"}
{"level":"info","message":"[app.js]  Request received: POST /auth/login","timestamp":"2025-02-28 08:26:12"}
{"headers":{"content-type":"application/json","user-agent":"Mozilla/5.0 (Windows NT 10.0; Win64; x64) AppleWebKit/537.36 (KHTML, like Gecko) Chrome/133.0.0.0 Safari/537.36"},"level":"http","message":"[app.js]  Request","method":"POST","path":"/auth/login","timestamp":"2025-02-28 08:26:12"}
{"level":"warn","message":"[server.js] Route not found: POST /auth/login","timestamp":"2025-02-28 08:26:12"}
{"level":"info","message":"Performance measurement for http_request","performance":{"duration":0.6648,"method":"POST","operation":"http_request","path":"/auth/login","status":404},"timestamp":"2025-02-28 08:26:12"}
{"level":"debug","message":"[dbManager.js] Health check passed","timestamp":"2025-02-28 08:26:50"}
{"level":"debug","message":"[dbManager.js] Health check passed","timestamp":"2025-02-28 08:27:50"}
{"level":"debug","message":"[dbManager.js] Health check passed","timestamp":"2025-02-28 08:28:50"}
{"level":"debug","message":"[dbManager.js] Health check passed","timestamp":"2025-02-28 08:29:50"}
{"level":"debug","message":"[dbManager.js] Health check passed","timestamp":"2025-02-28 08:30:50"}
{"level":"debug","message":"[dbManager.js] Health check passed","timestamp":"2025-02-28 08:31:50"}
{"level":"info","message":"[app.js]  Request received: POST /auth/login","timestamp":"2025-02-28 08:32:19"}
{"headers":{"content-type":"application/json","user-agent":"Mozilla/5.0 (Windows NT 10.0; Win64; x64) AppleWebKit/537.36 (KHTML, like Gecko) Chrome/133.0.0.0 Safari/537.36"},"level":"http","message":"[app.js]  Request","method":"POST","path":"/auth/login","timestamp":"2025-02-28 08:32:19"}
{"level":"warn","message":"[server.js] Route not found: POST /auth/login","timestamp":"2025-02-28 08:32:19"}
{"level":"info","message":"Performance measurement for http_request","performance":{"duration":1.2595,"method":"POST","operation":"http_request","path":"/auth/login","status":404},"timestamp":"2025-02-28 08:32:19"}
{"level":"debug","message":"[dbManager.js] Health check passed","timestamp":"2025-02-28 08:32:50"}
{"level":"debug","message":"[dbManager.js] Health check passed","timestamp":"2025-02-28 08:33:50"}
{"level":"debug","message":"[dbManager.js] Health check passed","timestamp":"2025-02-28 08:34:50"}
{"level":"debug","message":"[dbManager.js] Health check passed","timestamp":"2025-02-28 08:35:50"}
{"level":"debug","message":"[dbManager.js] Health check passed","timestamp":"2025-02-28 08:36:50"}
{"level":"debug","message":"[dbManager.js] Health check passed","timestamp":"2025-02-28 08:37:50"}
{"level":"info","message":"[app.js]  Request received: POST /auth/login","timestamp":"2025-02-28 08:38:24"}
{"headers":{"content-type":"application/json","user-agent":"Mozilla/5.0 (Windows NT 10.0; Win64; x64) AppleWebKit/537.36 (KHTML, like Gecko) Chrome/133.0.0.0 Safari/537.36"},"level":"http","message":"[app.js]  Request","method":"POST","path":"/auth/login","timestamp":"2025-02-28 08:38:24"}
{"level":"warn","message":"[server.js] Route not found: POST /auth/login","timestamp":"2025-02-28 08:38:24"}
{"level":"info","message":"Performance measurement for http_request","performance":{"duration":2.2634,"method":"POST","operation":"http_request","path":"/auth/login","status":404},"timestamp":"2025-02-28 08:38:24"}
{"level":"debug","message":"[dbManager.js] Health check passed","timestamp":"2025-02-28 08:38:50"}
{"level":"debug","message":"[dbManager.js] Health check passed","timestamp":"2025-02-28 08:39:50"}
{"level":"info","message":"[app.js]  Request received: POST /auth/login","timestamp":"2025-02-28 08:40:44"}
{"headers":{"content-type":"application/json","user-agent":"Mozilla/5.0 (Windows NT 10.0; Win64; x64) AppleWebKit/537.36 (KHTML, like Gecko) Chrome/133.0.0.0 Safari/537.36"},"level":"http","message":"[app.js]  Request","method":"POST","path":"/auth/login","timestamp":"2025-02-28 08:40:44"}
{"level":"warn","message":"[server.js] Route not found: POST /auth/login","timestamp":"2025-02-28 08:40:44"}
{"level":"info","message":"Performance measurement for http_request","performance":{"duration":1.7691,"method":"POST","operation":"http_request","path":"/auth/login","status":404},"timestamp":"2025-02-28 08:40:44"}
{"level":"debug","message":"[dbManager.js] Health check passed","timestamp":"2025-02-28 08:40:50"}
{"level":"debug","message":"[dbManager.js] Health check passed","timestamp":"2025-02-28 08:41:50"}
{"level":"info","message":"[app.js]  Request received: POST /auth/login","timestamp":"2025-02-28 08:42:45"}
{"headers":{"content-type":"application/json","user-agent":"Mozilla/5.0 (Windows NT 10.0; Win64; x64) AppleWebKit/537.36 (KHTML, like Gecko) Chrome/133.0.0.0 Safari/537.36"},"level":"http","message":"[app.js]  Request","method":"POST","path":"/auth/login","timestamp":"2025-02-28 08:42:45"}
{"level":"warn","message":"[server.js] Route not found: POST /auth/login","timestamp":"2025-02-28 08:42:45"}
{"level":"info","message":"Performance measurement for http_request","performance":{"duration":1.5847,"method":"POST","operation":"http_request","path":"/auth/login","status":404},"timestamp":"2025-02-28 08:42:45"}
{"level":"debug","message":"[dbManager.js] Health check passed","timestamp":"2025-02-28 08:42:50"}
{"level":"info","message":"[app.js]  Request received: POST /auth/login","timestamp":"2025-02-28 08:43:28"}
{"headers":{"content-type":"application/json","user-agent":"Mozilla/5.0 (Windows NT 10.0; Win64; x64) AppleWebKit/537.36 (KHTML, like Gecko) Chrome/133.0.0.0 Safari/537.36"},"level":"http","message":"[app.js]  Request","method":"POST","path":"/auth/login","timestamp":"2025-02-28 08:43:28"}
{"level":"warn","message":"[server.js] Route not found: POST /auth/login","timestamp":"2025-02-28 08:43:28"}
{"level":"info","message":"Performance measurement for http_request","performance":{"duration":2.4263,"method":"POST","operation":"http_request","path":"/auth/login","status":404},"timestamp":"2025-02-28 08:43:28"}
{"level":"debug","message":"[dbManager.js] Health check passed","timestamp":"2025-02-28 08:43:50"}
{"level":"debug","message":"[dbManager.js] Health check passed","timestamp":"2025-02-28 08:44:50"}
{"level":"debug","message":"[dbManager.js] Health check passed","timestamp":"2025-02-28 08:45:50"}
{"level":"debug","message":"[dbManager.js] Health check passed","timestamp":"2025-02-28 08:46:50"}
{"level":"debug","message":"[dbManager.js] Health check passed","timestamp":"2025-02-28 08:47:50"}
{"level":"debug","message":"[dbManager.js] Health check passed","timestamp":"2025-02-28 08:48:50"}
{"level":"debug","message":"[dbManager.js] Health check passed","timestamp":"2025-02-28 08:49:50"}
{"level":"debug","message":"[dbManager.js] Health check passed","timestamp":"2025-02-28 08:50:50"}
{"level":"debug","message":"[dbManager.js] Health check passed","timestamp":"2025-02-28 08:51:50"}
{"level":"debug","message":"[dbManager.js] Health check passed","timestamp":"2025-02-28 08:52:50"}
{"level":"debug","message":"[dbManager.js] Health check passed","timestamp":"2025-02-28 08:53:50"}
{"level":"debug","message":"[dbManager.js] Health check passed","timestamp":"2025-02-28 08:54:50"}
{"level":"debug","message":"[dbManager.js] Health check passed","timestamp":"2025-02-28 08:55:50"}
{"level":"debug","message":"[dbManager.js] Health check passed","timestamp":"2025-02-28 08:56:50"}
{"level":"debug","message":"[dbManager.js] Health check passed","timestamp":"2025-02-28 08:57:50"}
{"level":"debug","message":"[dbManager.js] Health check passed","timestamp":"2025-02-28 08:58:50"}
{"level":"debug","message":"[dbManager.js] Health check passed","timestamp":"2025-02-28 08:59:50"}
{"level":"debug","message":"[dbManager.js] Health check passed","timestamp":"2025-02-28 09:00:50"}
{"level":"debug","message":"[dbManager.js] Health check passed","timestamp":"2025-02-28 09:01:50"}
{"level":"debug","message":"[dbManager.js] Health check passed","timestamp":"2025-02-28 09:02:50"}
{"level":"debug","message":"[dbManager.js] Health check passed","timestamp":"2025-02-28 09:03:50"}
{"level":"debug","message":"[dbManager.js] Health check passed","timestamp":"2025-02-28 09:04:50"}
{"level":"debug","message":"[dbManager.js] Health check passed","timestamp":"2025-02-28 09:05:50"}
{"level":"debug","message":"[dbManager.js] Health check passed","timestamp":"2025-02-28 09:06:50"}
{"level":"debug","message":"[dbManager.js] Health check passed","timestamp":"2025-02-28 09:07:50"}
{"level":"debug","message":"[dbManager.js] Health check passed","timestamp":"2025-02-28 09:08:50"}
{"level":"debug","message":"[dbManager.js] Health check passed","timestamp":"2025-02-28 09:09:50"}
{"level":"debug","message":"[dbManager.js] Health check passed","timestamp":"2025-02-28 09:10:50"}
{"level":"debug","message":"[dbManager.js] Health check passed","timestamp":"2025-02-28 09:11:50"}
{"level":"debug","message":"[dbManager.js] Health check passed","timestamp":"2025-02-28 09:12:50"}
{"level":"debug","message":"[dbManager.js] Health check passed","timestamp":"2025-02-28 09:13:50"}
{"level":"debug","message":"[dbManager.js] Health check passed","timestamp":"2025-02-28 09:14:50"}
{"level":"debug","message":"[dbManager.js] Health check passed","timestamp":"2025-02-28 09:15:50"}
{"level":"debug","message":"[dbManager.js] Health check passed","timestamp":"2025-02-28 09:16:50"}
{"level":"debug","message":"[dbManager.js] Health check passed","timestamp":"2025-02-28 09:17:50"}
{"level":"debug","message":"[dbManager.js] Health check passed","timestamp":"2025-02-28 09:18:50"}
{"level":"debug","message":"[dbManager.js] Health check passed","timestamp":"2025-02-28 09:19:50"}
{"level":"debug","message":"[dbManager.js] Health check passed","timestamp":"2025-02-28 09:20:50"}
{"level":"debug","message":"[dbManager.js] Health check passed","timestamp":"2025-02-28 09:21:50"}
{"level":"debug","message":"[dbManager.js] Health check passed","timestamp":"2025-02-28 09:22:50"}
{"level":"debug","message":"[dbManager.js] Health check passed","timestamp":"2025-02-28 09:23:50"}
{"level":"debug","message":"[dbManager.js] Health check passed","timestamp":"2025-02-28 09:24:50"}
{"level":"debug","message":"[dbManager.js] Health check passed","timestamp":"2025-02-28 09:25:50"}
{"level":"debug","message":"[dbManager.js] Health check passed","timestamp":"2025-02-28 09:26:50"}
{"level":"debug","message":"[dbManager.js] Health check passed","timestamp":"2025-02-28 09:27:50"}
{"level":"debug","message":"[dbManager.js] Health check passed","timestamp":"2025-02-28 09:28:50"}
{"level":"debug","message":"[dbManager.js] Health check passed","timestamp":"2025-02-28 09:29:50"}
{"level":"debug","message":"[dbManager.js] Health check passed","timestamp":"2025-02-28 09:30:51"}
{"level":"debug","message":"[dbManager.js] Health check passed","timestamp":"2025-02-28 09:31:51"}
{"level":"debug","message":"[dbManager.js] Health check passed","timestamp":"2025-02-28 09:32:51"}
{"level":"debug","message":"[dbManager.js] Health check passed","timestamp":"2025-02-28 09:33:51"}
{"level":"debug","message":"[dbManager.js] Health check passed","timestamp":"2025-02-28 09:34:51"}
{"level":"debug","message":"[dbManager.js] Health check passed","timestamp":"2025-02-28 09:35:51"}
{"level":"debug","message":"[dbManager.js] Health check passed","timestamp":"2025-02-28 09:36:51"}
{"level":"debug","message":"[dbManager.js] Health check passed","timestamp":"2025-02-28 09:37:51"}
{"level":"debug","message":"[dbManager.js] Health check passed","timestamp":"2025-02-28 09:38:51"}
{"level":"debug","message":"[dbManager.js] Health check passed","timestamp":"2025-02-28 09:39:51"}
{"level":"debug","message":"[dbManager.js] Health check passed","timestamp":"2025-02-28 09:40:51"}
{"level":"debug","message":"[dbManager.js] Health check passed","timestamp":"2025-02-28 09:41:51"}
{"level":"debug","message":"[dbManager.js] Health check passed","timestamp":"2025-02-28 09:42:51"}
{"level":"debug","message":"[dbManager.js] Health check passed","timestamp":"2025-02-28 09:43:51"}
{"level":"debug","message":"[dbManager.js] Health check passed","timestamp":"2025-02-28 09:44:51"}
{"level":"debug","message":"[dbManager.js] Health check passed","timestamp":"2025-02-28 09:45:51"}
{"level":"debug","message":"[dbManager.js] Health check passed","timestamp":"2025-02-28 09:46:51"}
{"level":"debug","message":"[dbManager.js] Health check passed","timestamp":"2025-02-28 09:47:51"}
{"level":"debug","message":"[dbManager.js] Health check passed","timestamp":"2025-02-28 09:48:51"}
{"level":"debug","message":"[dbManager.js] Health check passed","timestamp":"2025-02-28 09:49:51"}
{"level":"debug","message":"[dbManager.js] Health check passed","timestamp":"2025-02-28 09:50:51"}
{"level":"debug","message":"[dbManager.js] Health check passed","timestamp":"2025-02-28 09:51:51"}
{"level":"debug","message":"[dbManager.js] Health check passed","timestamp":"2025-02-28 09:52:51"}
{"level":"debug","message":"[dbManager.js] Health check passed","timestamp":"2025-02-28 09:53:51"}
{"level":"debug","message":"[dbManager.js] Health check passed","timestamp":"2025-02-28 09:54:51"}
{"level":"debug","message":"[dbManager.js] Health check passed","timestamp":"2025-02-28 09:55:51"}
{"level":"debug","message":"[dbManager.js] Health check passed","timestamp":"2025-02-28 09:56:51"}
{"level":"debug","message":"[dbManager.js] Health check passed","timestamp":"2025-02-28 09:57:51"}
{"level":"debug","message":"[dbManager.js] Health check passed","timestamp":"2025-02-28 09:58:51"}
{"level":"debug","message":"[dbManager.js] Health check passed","timestamp":"2025-02-28 09:59:51"}
{"level":"debug","message":"[dbManager.js] Health check passed","timestamp":"2025-02-28 10:00:51"}
{"level":"debug","message":"[dbManager.js] Health check passed","timestamp":"2025-02-28 10:01:51"}
{"level":"debug","message":"[dbManager.js] Health check passed","timestamp":"2025-02-28 10:02:51"}
{"level":"debug","message":"[dbManager.js] Health check passed","timestamp":"2025-02-28 10:03:51"}
{"level":"debug","message":"[dbManager.js] Health check passed","timestamp":"2025-02-28 10:04:51"}
{"level":"debug","message":"[dbManager.js] Health check passed","timestamp":"2025-02-28 10:05:51"}
{"level":"debug","message":"[dbManager.js] Health check passed","timestamp":"2025-02-28 10:06:51"}
{"level":"debug","message":"[dbManager.js] Health check passed","timestamp":"2025-02-28 10:07:51"}
{"level":"debug","message":"[dbManager.js] Health check passed","timestamp":"2025-02-28 10:08:51"}
{"level":"debug","message":"[dbManager.js] Health check passed","timestamp":"2025-02-28 10:09:51"}
{"level":"debug","message":"[dbManager.js] Health check passed","timestamp":"2025-02-28 10:10:51"}
{"level":"debug","message":"[dbManager.js] Health check passed","timestamp":"2025-02-28 10:11:51"}
{"level":"debug","message":"[dbManager.js] Health check passed","timestamp":"2025-02-28 10:12:51"}
{"level":"debug","message":"[dbManager.js] Health check passed","timestamp":"2025-02-28 10:13:51"}
{"level":"debug","message":"[dbManager.js] Health check passed","timestamp":"2025-02-28 10:14:51"}
{"level":"debug","message":"[dbManager.js] Health check passed","timestamp":"2025-02-28 10:15:51"}
{"level":"debug","message":"[dbManager.js] Health check passed","timestamp":"2025-02-28 10:16:51"}
{"level":"debug","message":"[dbManager.js] Health check passed","timestamp":"2025-02-28 10:17:51"}
{"level":"debug","message":"[dbManager.js] Health check passed","timestamp":"2025-02-28 10:18:51"}
{"level":"debug","message":"[dbManager.js] Health check passed","timestamp":"2025-02-28 10:19:51"}
{"level":"debug","message":"[dbManager.js] Health check passed","timestamp":"2025-02-28 10:20:51"}
{"level":"debug","message":"[dbManager.js] Health check passed","timestamp":"2025-02-28 10:21:51"}
{"level":"debug","message":"[dbManager.js] Health check passed","timestamp":"2025-02-28 10:22:51"}
{"level":"debug","message":"[dbManager.js] Health check passed","timestamp":"2025-02-28 10:23:51"}
{"level":"debug","message":"[dbManager.js] Health check passed","timestamp":"2025-02-28 10:24:51"}
{"level":"debug","message":"[dbManager.js] Health check passed","timestamp":"2025-02-28 10:25:51"}
{"level":"debug","message":"[dbManager.js] Health check passed","timestamp":"2025-02-28 10:26:51"}
{"level":"debug","message":"[dbManager.js] Health check passed","timestamp":"2025-02-28 10:27:51"}
{"level":"debug","message":"[dbManager.js] Health check passed","timestamp":"2025-02-28 10:28:51"}
{"level":"debug","message":"[dbManager.js] Health check passed","timestamp":"2025-02-28 10:29:51"}
{"level":"debug","message":"[dbManager.js] Health check passed","timestamp":"2025-02-28 10:30:51"}
{"level":"debug","message":"[dbManager.js] Health check passed","timestamp":"2025-02-28 10:31:51"}
{"level":"debug","message":"[dbManager.js] Health check passed","timestamp":"2025-02-28 10:32:51"}
{"level":"debug","message":"[dbManager.js] Health check passed","timestamp":"2025-02-28 10:33:51"}
{"level":"debug","message":"[dbManager.js] Health check passed","timestamp":"2025-02-28 10:34:51"}
{"level":"debug","message":"[dbManager.js] Health check passed","timestamp":"2025-02-28 10:35:51"}
{"level":"debug","message":"[dbManager.js] Health check passed","timestamp":"2025-02-28 10:36:51"}
{"level":"debug","message":"[dbManager.js] Health check passed","timestamp":"2025-02-28 10:37:51"}
{"level":"debug","message":"[dbManager.js] Health check passed","timestamp":"2025-02-28 10:38:51"}
{"level":"debug","message":"[dbManager.js] Health check passed","timestamp":"2025-02-28 10:39:51"}
{"level":"debug","message":"[dbManager.js] Health check passed","timestamp":"2025-02-28 10:40:51"}
{"level":"debug","message":"[dbManager.js] Health check passed","timestamp":"2025-02-28 10:41:51"}
{"level":"debug","message":"[dbManager.js] Health check passed","timestamp":"2025-02-28 10:42:51"}
{"level":"debug","message":"[dbManager.js] Health check passed","timestamp":"2025-02-28 10:43:51"}
{"level":"debug","message":"[dbManager.js] Health check passed","timestamp":"2025-02-28 10:44:51"}
{"level":"debug","message":"[dbManager.js] Health check passed","timestamp":"2025-02-28 10:45:51"}
{"level":"debug","message":"[dbManager.js] Health check passed","timestamp":"2025-02-28 10:46:51"}
{"level":"debug","message":"[dbManager.js] Health check passed","timestamp":"2025-02-28 10:47:51"}
{"level":"debug","message":"[dbManager.js] Health check passed","timestamp":"2025-02-28 10:48:51"}
{"level":"debug","message":"[dbManager.js] Health check passed","timestamp":"2025-02-28 13:55:34"}
{"level":"debug","message":"[dbManager.js] Health check passed","timestamp":"2025-02-28 13:56:34"}
{"level":"debug","message":"[dbManager.js] Health check passed","timestamp":"2025-02-28 13:57:34"}
{"level":"debug","message":"[dbManager.js] Health check passed","timestamp":"2025-02-28 13:58:34"}
