{"level":"debug","message":"[dbManager.js] Health check passed","timestamp":"2025-03-02 03:55:36"}
{"level":"info","message":"Log file rotated","newFilename":"C:\\Users\\pc790\\whatsfresh\\Projects\\wf-server\\server\\logs\\application-2025-03-02.log","oldFilename":"C:\\Users\\pc790\\whatsfresh\\Projects\\wf-server\\server\\logs\\application-2025-03-01.log","timestamp":"2025-03-02 03:55:36"}
{"address":"159.223.104.19","code":"ENETUNREACH","errno":-4062,"fatal":true,"level":"error","message":"[dbManager.js] Database connection test failed: connect ENETUNREACH 159.223.104.19:3306","port":3306,"stack":"Error: connect ENETUNREACH 159.223.104.19:3306\n    at TCPConnectWrap.afterConnect [as oncomplete] (node:net:1555:16)","syscall":"connect","timestamp":"2025-03-02 12:18:59"}
{"address":"159.223.104.19","code":"ENETUNREACH","errno":-4062,"fatal":true,"level":"warn","message":"[dbManager.js] Health check failed: connect ENETUNREACH 159.223.104.19:3306","port":3306,"stack":"Error: connect ENETUNREACH 159.223.104.19:3306\n    at TCPConnectWrap.afterConnect [as oncomplete] (node:net:1555:16)","syscall":"connect","timestamp":"2025-03-02 12:18:59"}
{"level":"info","message":"[app.js]  Request received: POST /auth/login","timestamp":"2025-03-02 12:19:13"}
{"headers":{"content-type":"application/json","user-agent":"Mozilla/5.0 (Windows NT 10.0; Win64; x64) AppleWebKit/537.36 (KHTML, like Gecko) Chrome/133.0.0.0 Safari/537.36"},"level":"http","message":"[app.js]  Request","method":"POST","path":"/auth/login","timestamp":"2025-03-02 12:19:13"}
{"level":"warn","message":"[server.js] Route not found: POST /auth/login","timestamp":"2025-03-02 12:19:13"}
{"level":"info","message":"Performance measurement for http_request","performance":{"duration":1.5451,"method":"POST","operation":"http_request","path":"/auth/login","status":404},"timestamp":"2025-03-02 12:19:13"}
{"level":"info","message":"[dbManager.js] Database connection test successful","timestamp":"2025-03-02 12:19:59"}
{"level":"debug","message":"[dbManager.js] Health check passed","timestamp":"2025-03-02 12:19:59"}
{"level":"debug","message":"[dbManager.js] Health check passed","timestamp":"2025-03-02 12:20:59"}
{"level":"debug","message":"[dbManager.js] Health check passed","timestamp":"2025-03-02 12:21:59"}
{"level":"debug","message":"[dbManager.js] Health check passed","timestamp":"2025-03-02 12:22:59"}
{"level":"debug","message":"[dbManager.js] Health check passed","timestamp":"2025-03-02 12:23:59"}
{"level":"debug","message":"[dbManager.js] Health check passed","timestamp":"2025-03-02 12:24:59"}
{"level":"debug","message":"[dbManager.js] Health check passed","timestamp":"2025-03-02 12:25:59"}
{"level":"debug","message":"[dbManager.js] Health check passed","timestamp":"2025-03-02 12:26:59"}
{"level":"debug","message":"[dbManager.js] Health check passed","timestamp":"2025-03-02 12:27:59"}
{"level":"debug","message":"[dbManager.js] Health check passed","timestamp":"2025-03-02 12:28:59"}
{"level":"debug","message":"[dbManager.js] Health check passed","timestamp":"2025-03-02 12:29:59"}
{"level":"debug","message":"[dbManager.js] Health check passed","timestamp":"2025-03-02 12:30:59"}
{"level":"debug","message":"[dbManager.js] Health check passed","timestamp":"2025-03-02 12:31:59"}
{"level":"debug","message":"[dbManager.js] Health check passed","timestamp":"2025-03-02 12:32:59"}
{"level":"debug","message":"[dbManager.js] Health check passed","timestamp":"2025-03-02 12:33:59"}
{"level":"debug","message":"[dbManager.js] Health check passed","timestamp":"2025-03-02 12:34:59"}
{"level":"debug","message":"[dbManager.js] Health check passed","timestamp":"2025-03-02 12:35:59"}
{"level":"debug","message":"[dbManager.js] Health check passed","timestamp":"2025-03-02 12:36:59"}
{"level":"debug","message":"[dbManager.js] Health check passed","timestamp":"2025-03-02 12:37:59"}
{"level":"debug","message":"[dbManager.js] Health check passed","timestamp":"2025-03-02 12:38:59"}
{"level":"debug","message":"[dbManager.js] Health check passed","timestamp":"2025-03-02 12:39:59"}
{"level":"debug","message":"[dbManager.js] Health check passed","timestamp":"2025-03-02 12:40:59"}
{"level":"info","message":"[app.js]  Application initialized","timestamp":"2025-03-02 12:41:46"}
{"level":"info","message":"[dbManager.js] Database connection test successful","timestamp":"2025-03-02 12:41:47"}
{"level":"info","message":"[server.js] Initializing routes","timestamp":"2025-03-02 12:41:47"}
{"level":"info","message":"[registerRoutes.js] Started registering routes","timestamp":"2025-03-02 12:41:47"}
{"0":"POST /api/execEventType","1":"POST /api/initialize","2":"GET /api/util/list-routes","3":"POST /api/util/restart-server","4":"GET /api/util/fetchEventTypes","5":"GET /api/util/fetchApiColumns","6":"POST /api/auth/login","7":"GET /api/util/event-types-status","level":"info","message":"[registerRoutes.js] Routes registered:","timestamp":"2025-03-02 12:41:47"}
{"level":"info","message":"[registerRoutes.js] Routes setup complete","timestamp":"2025-03-02 12:41:47"}
{"level":"info","message":"[server.js] Routes initialized","timestamp":"2025-03-02 12:41:47"}
{"count":16,"level":"info","message":"[fetchEventTypes.js] Event types loaded from database","timestamp":"2025-03-02 12:41:47"}
{"level":"info","message":"[fetchEventTypes.js] eventTypes.js file generated successfully","timestamp":"2025-03-02 12:41:47"}
{"count":21,"level":"info","message":"[fetchApiColumns.js] API columns loaded from database","timestamp":"2025-03-02 12:41:47"}
{"level":"info","message":"[fetchApiColumns.js] apiColumns.js file generated successfully","timestamp":"2025-03-02 12:41:47"}
{"level":"info","message":"[server.js] Starting server on port 3001","timestamp":"2025-03-02 12:41:47"}
{"level":"info","message":"[server.js] Server timeouts configured: keepAlive=5s, headers=6s","timestamp":"2025-03-02 12:41:47"}
{"level":"info","message":"[server.js] Server is running on http://localhost:3001","timestamp":"2025-03-02 12:41:47"}
{"level":"info","message":"[app.js]  Request received: POST /auth/login","timestamp":"2025-03-02 12:42:16"}
{"headers":{"content-type":"application/json","user-agent":"Mozilla/5.0 (Windows NT 10.0; Win64; x64) AppleWebKit/537.36 (KHTML, like Gecko) Chrome/133.0.0.0 Safari/537.36"},"level":"http","message":"[app.js]  Request","method":"POST","path":"/auth/login","timestamp":"2025-03-02 12:42:17"}
{"level":"warn","message":"[server.js] Route not found: POST /auth/login","timestamp":"2025-03-02 12:42:17"}
{"level":"info","message":"Performance measurement for http_request","performance":{"duration":5.7447,"method":"POST","operation":"http_request","path":"/auth/login","status":404},"timestamp":"2025-03-02 12:42:17"}
{"level":"debug","message":"[dbManager.js] Health check passed","timestamp":"2025-03-02 12:46:46"}
{"level":"info","message":"[app.js]  Request received: POST /auth/login","timestamp":"2025-03-02 12:46:59"}
{"headers":{"content-type":"application/json","user-agent":"Mozilla/5.0 (Windows NT 10.0; Win64; x64) AppleWebKit/537.36 (KHTML, like Gecko) Chrome/133.0.0.0 Safari/537.36"},"level":"http","message":"[app.js]  Request","method":"POST","path":"/auth/login","timestamp":"2025-03-02 12:46:59"}
{"level":"warn","message":"[server.js] Route not found: POST /auth/login","timestamp":"2025-03-02 12:46:59"}
{"level":"info","message":"Performance measurement for http_request","performance":{"duration":7.9715,"method":"POST","operation":"http_request","path":"/auth/login","status":404},"timestamp":"2025-03-02 12:46:59"}
{"level":"info","message":"[app.js]  Request received: POST /auth/login","timestamp":"2025-03-02 12:47:31"}
{"headers":{"content-type":"application/json","user-agent":"Mozilla/5.0 (Windows NT 10.0; Win64; x64) AppleWebKit/537.36 (KHTML, like Gecko) Chrome/133.0.0.0 Safari/537.36"},"level":"http","message":"[app.js]  Request","method":"POST","path":"/auth/login","timestamp":"2025-03-02 12:47:31"}
{"level":"warn","message":"[server.js] Route not found: POST /auth/login","timestamp":"2025-03-02 12:47:31"}
{"level":"info","message":"Performance measurement for http_request","performance":{"duration":2.1217,"method":"POST","operation":"http_request","path":"/auth/login","status":404},"timestamp":"2025-03-02 12:47:31"}
{"level":"info","message":"[app.js]  Application initialized","timestamp":"2025-03-02 12:49:58"}
{"level":"info","message":"[dbManager.js] Database connection test successful","timestamp":"2025-03-02 12:49:58"}
{"level":"info","message":"[server.js] Initializing routes","timestamp":"2025-03-02 12:49:58"}
{"level":"info","message":"[registerRoutes.js] Started registering routes","timestamp":"2025-03-02 12:49:58"}
{"0":"POST /api/execEventType","1":"POST /api/initialize","2":"GET /api/util/list-routes","3":"POST /api/util/restart-server","4":"GET /api/util/fetchEventTypes","5":"GET /api/util/fetchApiColumns","6":"POST /api/auth/login","7":"POST /auth/login","8":"GET /api/util/event-types-status","level":"info","message":"[registerRoutes.js] Routes registered:","timestamp":"2025-03-02 12:49:58"}
{"level":"info","message":"[registerRoutes.js] Routes setup complete","timestamp":"2025-03-02 12:49:58"}
{"level":"info","message":"[server.js] Routes initialized","timestamp":"2025-03-02 12:49:58"}
{"count":16,"level":"info","message":"[fetchEventTypes.js] Event types loaded from database","timestamp":"2025-03-02 12:49:58"}
{"level":"info","message":"[fetchEventTypes.js] eventTypes.js file generated successfully","timestamp":"2025-03-02 12:49:58"}
{"count":21,"level":"info","message":"[fetchApiColumns.js] API columns loaded from database","timestamp":"2025-03-02 12:49:58"}
{"level":"info","message":"[fetchApiColumns.js] apiColumns.js file generated successfully","timestamp":"2025-03-02 12:49:58"}
{"level":"info","message":"[server.js] Starting server on port 3001","timestamp":"2025-03-02 12:49:58"}
{"level":"info","message":"[server.js] Server timeouts configured: keepAlive=5s, headers=6s","timestamp":"2025-03-02 12:49:58"}
{"level":"info","message":"[server.js] Server is running on http://localhost:3001","timestamp":"2025-03-02 12:49:58"}
{"level":"info","message":"[app.js]  Application initialized","timestamp":"2025-03-02 12:50:05"}
{"level":"info","message":"[dbManager.js] Database connection test successful","timestamp":"2025-03-02 12:50:05"}
{"level":"info","message":"[server.js] Initializing routes","timestamp":"2025-03-02 12:50:05"}
{"level":"info","message":"[registerRoutes.js] Started registering routes","timestamp":"2025-03-02 12:50:05"}
{"0":"POST /api/execEventType","1":"POST /api/initialize","2":"GET /api/util/list-routes","3":"POST /api/util/restart-server","4":"GET /api/util/fetchEventTypes","5":"GET /api/util/fetchApiColumns","6":"POST /api/auth/login","7":"POST /auth/login","8":"GET /api/util/event-types-status","level":"info","message":"[registerRoutes.js] Routes registered:","timestamp":"2025-03-02 12:50:05"}
{"level":"info","message":"[registerRoutes.js] Routes setup complete","timestamp":"2025-03-02 12:50:05"}
{"level":"info","message":"[server.js] Routes initialized","timestamp":"2025-03-02 12:50:05"}
{"count":16,"level":"info","message":"[fetchEventTypes.js] Event types loaded from database","timestamp":"2025-03-02 12:50:05"}
{"level":"info","message":"[fetchEventTypes.js] eventTypes.js file generated successfully","timestamp":"2025-03-02 12:50:05"}
{"count":21,"level":"info","message":"[fetchApiColumns.js] API columns loaded from database","timestamp":"2025-03-02 12:50:05"}
{"level":"info","message":"[fetchApiColumns.js] apiColumns.js file generated successfully","timestamp":"2025-03-02 12:50:05"}
{"level":"info","message":"[server.js] Starting server on port 3001","timestamp":"2025-03-02 12:50:05"}
{"level":"info","message":"[server.js] Server timeouts configured: keepAlive=5s, headers=6s","timestamp":"2025-03-02 12:50:05"}
{"level":"info","message":"[server.js] Server is running on http://localhost:3001","timestamp":"2025-03-02 12:50:05"}
{"level":"info","message":"[app.js]  Application initialized","timestamp":"2025-03-02 12:50:30"}
{"level":"info","message":"[dbManager.js] Database connection test successful","timestamp":"2025-03-02 12:50:30"}
{"level":"info","message":"[server.js] Initializing routes","timestamp":"2025-03-02 12:50:30"}
{"level":"info","message":"[registerRoutes.js] Started registering routes","timestamp":"2025-03-02 12:50:30"}
{"0":"POST /api/execEventType","1":"POST /api/initialize","2":"GET /api/util/list-routes","3":"POST /api/util/restart-server","4":"GET /api/util/fetchEventTypes","5":"GET /api/util/fetchApiColumns","6":"POST /api/auth/login","7":"POST /auth/login","8":"GET /api/util/event-types-status","level":"info","message":"[registerRoutes.js] Routes registered:","timestamp":"2025-03-02 12:50:30"}
{"level":"info","message":"[registerRoutes.js] Routes setup complete","timestamp":"2025-03-02 12:50:30"}
{"level":"info","message":"[server.js] Routes initialized","timestamp":"2025-03-02 12:50:30"}
{"count":16,"level":"info","message":"[fetchEventTypes.js] Event types loaded from database","timestamp":"2025-03-02 12:50:30"}
{"level":"info","message":"[fetchEventTypes.js] eventTypes.js file generated successfully","timestamp":"2025-03-02 12:50:30"}
{"count":21,"level":"info","message":"[fetchApiColumns.js] API columns loaded from database","timestamp":"2025-03-02 12:50:30"}
{"level":"info","message":"[fetchApiColumns.js] apiColumns.js file generated successfully","timestamp":"2025-03-02 12:50:30"}
{"level":"info","message":"[server.js] Starting server on port 3001","timestamp":"2025-03-02 12:50:30"}
{"level":"info","message":"[server.js] Server timeouts configured: keepAlive=5s, headers=6s","timestamp":"2025-03-02 12:50:30"}
{"level":"info","message":"[server.js] Server is running on http://localhost:3001","timestamp":"2025-03-02 12:50:30"}
{"level":"info","message":"[app.js]  Application initialized","timestamp":"2025-03-02 12:50:45"}
{"level":"info","message":"[dbManager.js] Database connection test successful","timestamp":"2025-03-02 12:50:45"}
{"level":"info","message":"[server.js] Initializing routes","timestamp":"2025-03-02 12:50:45"}
{"level":"info","message":"[registerRoutes.js] Started registering routes","timestamp":"2025-03-02 12:50:45"}
{"0":"POST /execEventType","1":"POST /initialize","2":"GET /util/list-routes","3":"POST /util/restart-server","4":"GET /util/fetchEventTypes","5":"GET /util/fetchApiColumns","6":"POST /auth/login","7":"GET /util/event-types-status","level":"info","message":"[registerRoutes.js] Routes registered:","timestamp":"2025-03-02 12:50:45"}
{"level":"info","message":"[registerRoutes.js] Routes setup complete","timestamp":"2025-03-02 12:50:45"}
{"level":"info","message":"[server.js] Routes initialized","timestamp":"2025-03-02 12:50:45"}
{"count":16,"level":"info","message":"[fetchEventTypes.js] Event types loaded from database","timestamp":"2025-03-02 12:50:46"}
{"level":"info","message":"[fetchEventTypes.js] eventTypes.js file generated successfully","timestamp":"2025-03-02 12:50:46"}
{"count":21,"level":"info","message":"[fetchApiColumns.js] API columns loaded from database","timestamp":"2025-03-02 12:50:46"}
{"level":"info","message":"[fetchApiColumns.js] apiColumns.js file generated successfully","timestamp":"2025-03-02 12:50:46"}
{"level":"info","message":"[server.js] Starting server on port 3001","timestamp":"2025-03-02 12:50:46"}
{"level":"info","message":"[server.js] Server timeouts configured: keepAlive=5s, headers=6s","timestamp":"2025-03-02 12:50:46"}
{"level":"info","message":"[server.js] Server is running on http://localhost:3001","timestamp":"2025-03-02 12:50:46"}
{"level":"info","message":"[app.js]  Application initialized","timestamp":"2025-03-02 12:51:53"}
{"level":"info","message":"[dbManager.js] Database connection test successful","timestamp":"2025-03-02 12:51:53"}
{"level":"info","message":"[server.js] Initializing routes","timestamp":"2025-03-02 12:51:53"}
{"level":"info","message":"[registerRoutes.js] Started registering routes","timestamp":"2025-03-02 12:51:53"}
{"0":"POST /execEventType","1":"POST /initialize","2":"GET /util/list-routes","3":"POST /util/restart-server","4":"GET /util/fetchEventTypes","5":"GET /util/fetchApiColumns","6":"POST /auth/login","7":"GET /util/event-types-status","level":"info","message":"[registerRoutes.js] Routes registered:","timestamp":"2025-03-02 12:51:53"}
{"level":"info","message":"[registerRoutes.js] Routes setup complete","timestamp":"2025-03-02 12:51:53"}
{"level":"info","message":"[server.js] Routes initialized","timestamp":"2025-03-02 12:51:53"}
{"count":16,"level":"info","message":"[fetchEventTypes.js] Event types loaded from database","timestamp":"2025-03-02 12:51:53"}
{"level":"info","message":"[fetchEventTypes.js] eventTypes.js file generated successfully","timestamp":"2025-03-02 12:51:53"}
{"count":21,"level":"info","message":"[fetchApiColumns.js] API columns loaded from database","timestamp":"2025-03-02 12:51:53"}
{"level":"info","message":"[fetchApiColumns.js] apiColumns.js file generated successfully","timestamp":"2025-03-02 12:51:53"}
{"level":"info","message":"[server.js] Starting server on port 3001","timestamp":"2025-03-02 12:51:53"}
{"level":"info","message":"[server.js] Server timeouts configured: keepAlive=5s, headers=6s","timestamp":"2025-03-02 12:51:53"}
{"level":"info","message":"[server.js] Server is running on http://localhost:3001","timestamp":"2025-03-02 12:51:53"}
{"level":"info","message":"[app.js]  Application initialized","timestamp":"2025-03-02 12:53:30"}
{"level":"info","message":"[dbManager.js] Database connection test successful","timestamp":"2025-03-02 12:53:30"}
{"level":"info","message":"[server.js] Initializing routes","timestamp":"2025-03-02 12:53:30"}
{"level":"info","message":"[registerRoutes.js] Started registering routes","timestamp":"2025-03-02 12:53:30"}
{"0":"POST /execEventType","1":"POST /initialize","2":"GET /util/list-routes","3":"POST /util/restart-server","4":"GET /util/fetchEventTypes","5":"GET /util/fetchApiColumns","6":"POST /auth/login","7":"GET /util/event-types-status","level":"info","message":"[registerRoutes.js] Routes registered:","timestamp":"2025-03-02 12:53:30"}
{"level":"info","message":"[registerRoutes.js] Routes setup complete","timestamp":"2025-03-02 12:53:30"}
{"level":"info","message":"[server.js] Routes initialized","timestamp":"2025-03-02 12:53:30"}
{"count":16,"level":"info","message":"[fetchEventTypes.js] Event types loaded from database","timestamp":"2025-03-02 12:53:30"}
{"level":"info","message":"[fetchEventTypes.js] eventTypes.js file generated successfully","timestamp":"2025-03-02 12:53:30"}
{"count":21,"level":"info","message":"[fetchApiColumns.js] API columns loaded from database","timestamp":"2025-03-02 12:53:30"}
{"level":"info","message":"[fetchApiColumns.js] apiColumns.js file generated successfully","timestamp":"2025-03-02 12:53:30"}
{"level":"info","message":"[server.js] Starting server on port 3001","timestamp":"2025-03-02 12:53:30"}
{"level":"info","message":"[server.js] Server timeouts configured: keepAlive=5s, headers=6s","timestamp":"2025-03-02 12:53:30"}
{"level":"info","message":"[server.js] Server is running on http://localhost:3001","timestamp":"2025-03-02 12:53:30"}
{"level":"info","message":"[app.js]  Request received: POST /auth/login","timestamp":"2025-03-02 12:53:41"}
{"headers":{"content-type":"application/json","user-agent":"Mozilla/5.0 (Windows NT 10.0; Win64; x64) AppleWebKit/537.36 (KHTML, like Gecko) Chrome/133.0.0.0 Safari/537.36"},"level":"http","message":"[app.js]  Request","method":"POST","path":"/auth/login","timestamp":"2025-03-02 12:53:41"}
{"level":"warn","message":"[server.js] Route not found: POST /auth/login","timestamp":"2025-03-02 12:53:41"}
{"level":"info","message":"Performance measurement for http_request","performance":{"duration":10.9051,"method":"POST","operation":"http_request","path":"/auth/login","status":404},"timestamp":"2025-03-02 12:53:41"}
{"level":"info","message":"[app.js]  Request received: POST /auth/login","timestamp":"2025-03-02 12:56:32"}
{"headers":{"content-type":"application/json","user-agent":"Mozilla/5.0 (Windows NT 10.0; Win64; x64) AppleWebKit/537.36 (KHTML, like Gecko) Chrome/133.0.0.0 Safari/537.36"},"level":"http","message":"[app.js]  Request","method":"POST","path":"/auth/login","timestamp":"2025-03-02 12:56:32"}
{"level":"warn","message":"[server.js] Route not found: POST /auth/login","timestamp":"2025-03-02 12:56:32"}
{"level":"info","message":"Performance measurement for http_request","performance":{"duration":4.439,"method":"POST","operation":"http_request","path":"/auth/login","status":404},"timestamp":"2025-03-02 12:56:32"}
{"level":"info","message":"[app.js]  Application initialized","timestamp":"2025-03-02 12:57:27"}
{"level":"info","message":"[dbManager.js] Database connection test successful","timestamp":"2025-03-02 12:57:28"}
{"level":"info","message":"[server.js] Initializing routes","timestamp":"2025-03-02 12:57:28"}
{"level":"info","message":"[registerRoutes.js] Started registering routes","timestamp":"2025-03-02 12:57:28"}
{"0":"POST /execEventType","1":"POST /initialize","2":"GET /util/list-routes","3":"POST /util/restart-server","4":"GET /util/fetchEventTypes","5":"GET /util/fetchApiColumns","6":"POST /auth/login","7":"GET /util/event-types-status","level":"info","message":"[registerRoutes.js] Routes registered:","timestamp":"2025-03-02 12:57:28"}
{"level":"info","message":"[registerRoutes.js] Routes setup complete","timestamp":"2025-03-02 12:57:28"}
{"level":"info","message":"[server.js] Routes initialized","timestamp":"2025-03-02 12:57:28"}
{"count":16,"level":"info","message":"[fetchEventTypes.js] Event types loaded from database","timestamp":"2025-03-02 12:57:28"}
{"level":"info","message":"[fetchEventTypes.js] eventTypes.js file generated successfully","timestamp":"2025-03-02 12:57:28"}
{"count":21,"level":"info","message":"[fetchApiColumns.js] API columns loaded from database","timestamp":"2025-03-02 12:57:28"}
{"level":"info","message":"[fetchApiColumns.js] apiColumns.js file generated successfully","timestamp":"2025-03-02 12:57:28"}
{"level":"info","message":"[server.js] Starting server on port 3001","timestamp":"2025-03-02 12:57:28"}
{"level":"info","message":"[server.js] Server timeouts configured: keepAlive=5s, headers=6s","timestamp":"2025-03-02 12:57:28"}
{"level":"info","message":"[server.js] Server is running on http://localhost:3001","timestamp":"2025-03-02 12:57:28"}
{"level":"info","message":"[app.js]  Request received: POST /auth/login","timestamp":"2025-03-02 12:58:38"}
{"headers":{"content-type":"application/json","user-agent":"Mozilla/5.0 (Windows NT 10.0; Win64; x64) AppleWebKit/537.36 (KHTML, like Gecko) Chrome/133.0.0.0 Safari/537.36"},"level":"http","message":"[app.js]  Request","method":"POST","path":"/auth/login","timestamp":"2025-03-02 12:58:38"}
{"level":"warn","message":"[server.js] Route not found: POST /auth/login","timestamp":"2025-03-02 12:58:38"}
{"level":"info","message":"Performance measurement for http_request","performance":{"duration":12.2261,"method":"POST","operation":"http_request","path":"/auth/login","status":404},"timestamp":"2025-03-02 12:58:38"}
{"level":"info","message":"[app.js]  Application initialized","timestamp":"2025-03-02 13:01:01"}
{"level":"info","message":"[dbManager.js] Database connection test successful","timestamp":"2025-03-02 13:01:01"}
{"level":"info","message":"[server.js] Initializing routes","timestamp":"2025-03-02 13:01:01"}
{"level":"info","message":"[registerRoutes.js] Started registering routes","timestamp":"2025-03-02 13:01:01"}
{"0":"POST /execEventType","1":"POST /initialize","2":"GET /util/list-routes","3":"POST /util/restart-server","4":"GET /util/fetchEventTypes","5":"GET /util/fetchApiColumns","6":"POST /auth/login","7":"GET /util/event-types-status","level":"info","message":"[registerRoutes.js] Routes registered:","timestamp":"2025-03-02 13:01:01"}
{"level":"info","message":"[registerRoutes.js] Routes setup complete","timestamp":"2025-03-02 13:01:01"}
{"level":"info","message":"[server.js] Routes initialized","timestamp":"2025-03-02 13:01:01"}
{"count":16,"level":"info","message":"[fetchEventTypes.js] Event types loaded from database","timestamp":"2025-03-02 13:01:01"}
{"level":"info","message":"[fetchEventTypes.js] eventTypes.js file generated successfully","timestamp":"2025-03-02 13:01:01"}
{"count":21,"level":"info","message":"[fetchApiColumns.js] API columns loaded from database","timestamp":"2025-03-02 13:01:01"}
{"level":"info","message":"[fetchApiColumns.js] apiColumns.js file generated successfully","timestamp":"2025-03-02 13:01:01"}
{"level":"info","message":"[server.js] Starting server on port 3001","timestamp":"2025-03-02 13:01:01"}
{"level":"info","message":"[server.js] Server timeouts configured: keepAlive=5s, headers=6s","timestamp":"2025-03-02 13:01:01"}
{"level":"info","message":"[server.js] Server is running on http://localhost:3001","timestamp":"2025-03-02 13:01:01"}
{"level":"info","message":"[app.js]  Application initialized","timestamp":"2025-03-02 13:01:10"}
{"level":"info","message":"[dbManager.js] Database connection test successful","timestamp":"2025-03-02 13:01:11"}
{"level":"info","message":"[server.js] Initializing routes","timestamp":"2025-03-02 13:01:11"}
{"level":"info","message":"[registerRoutes.js] Started registering routes","timestamp":"2025-03-02 13:01:11"}
{"0":"POST /execEventType","1":"POST /initialize","2":"GET /util/list-routes","3":"POST /util/restart-server","4":"GET /util/fetchEventTypes","5":"GET /util/fetchApiColumns","6":"POST /auth/login","7":"GET /util/event-types-status","level":"info","message":"[registerRoutes.js] Routes registered:","timestamp":"2025-03-02 13:01:11"}
{"level":"info","message":"[registerRoutes.js] Routes setup complete","timestamp":"2025-03-02 13:01:11"}
{"level":"info","message":"[server.js] Routes initialized","timestamp":"2025-03-02 13:01:11"}
{"count":16,"level":"info","message":"[fetchEventTypes.js] Event types loaded from database","timestamp":"2025-03-02 13:01:11"}
{"level":"info","message":"[fetchEventTypes.js] eventTypes.js file generated successfully","timestamp":"2025-03-02 13:01:11"}
{"count":21,"level":"info","message":"[fetchApiColumns.js] API columns loaded from database","timestamp":"2025-03-02 13:01:11"}
{"level":"info","message":"[fetchApiColumns.js] apiColumns.js file generated successfully","timestamp":"2025-03-02 13:01:11"}
{"level":"info","message":"[server.js] Starting server on port 3001","timestamp":"2025-03-02 13:01:11"}
{"level":"info","message":"[server.js] Server timeouts configured: keepAlive=5s, headers=6s","timestamp":"2025-03-02 13:01:11"}
{"level":"info","message":"[server.js] Server is running on http://localhost:3001","timestamp":"2025-03-02 13:01:11"}
{"level":"info","message":"[app.js]  Application initialized","timestamp":"2025-03-02 13:01:19"}
{"level":"info","message":"[dbManager.js] Database connection test successful","timestamp":"2025-03-02 13:01:19"}
{"level":"info","message":"[server.js] Initializing routes","timestamp":"2025-03-02 13:01:19"}
{"level":"info","message":"[registerRoutes.js] Started registering routes","timestamp":"2025-03-02 13:01:19"}
{"0":"POST /api/execEventType","1":"POST /execEventType","10":"GET /api/util/fetchApiColumns","11":"GET /util/fetchApiColumns","12":"POST /api/auth/login","13":"POST /auth/login","14":"GET /api/util/event-types-status","15":"GET /util/event-types-status","2":"POST /api/initialize","3":"POST /initialize","4":"GET /api/util/list-routes","5":"GET /util/list-routes","6":"POST /api/util/restart-server","7":"POST /util/restart-server","8":"GET /api/util/fetchEventTypes","9":"GET /util/fetchEventTypes","level":"info","message":"[registerRoutes.js] Routes registered:","timestamp":"2025-03-02 13:01:19"}
{"level":"info","message":"[registerRoutes.js] Routes setup complete","timestamp":"2025-03-02 13:01:19"}
{"level":"info","message":"[server.js] Routes initialized","timestamp":"2025-03-02 13:01:19"}
{"count":16,"level":"info","message":"[fetchEventTypes.js] Event types loaded from database","timestamp":"2025-03-02 13:01:19"}
{"level":"info","message":"[fetchEventTypes.js] eventTypes.js file generated successfully","timestamp":"2025-03-02 13:01:19"}
{"count":21,"level":"info","message":"[fetchApiColumns.js] API columns loaded from database","timestamp":"2025-03-02 13:01:19"}
{"level":"info","message":"[fetchApiColumns.js] apiColumns.js file generated successfully","timestamp":"2025-03-02 13:01:19"}
{"level":"info","message":"[server.js] Starting server on port 3001","timestamp":"2025-03-02 13:01:19"}
{"level":"info","message":"[server.js] Server timeouts configured: keepAlive=5s, headers=6s","timestamp":"2025-03-02 13:01:19"}
{"level":"info","message":"[server.js] Server is running on http://localhost:3001","timestamp":"2025-03-02 13:01:19"}
{"level":"info","message":"[app.js]  Application initialized","timestamp":"2025-03-02 13:01:27"}
{"level":"info","message":"[dbManager.js] Database connection test successful","timestamp":"2025-03-02 13:01:27"}
{"level":"info","message":"[server.js] Initializing routes","timestamp":"2025-03-02 13:01:27"}
{"level":"info","message":"[registerRoutes.js] Started registering routes","timestamp":"2025-03-02 13:01:27"}
{"0":"POST /api/execEventType","1":"POST /execEventType","10":"GET /api/util/fetchApiColumns","11":"GET /util/fetchApiColumns","12":"POST /api/auth/login","13":"POST /auth/login","14":"GET /api/util/event-types-status","15":"GET /util/event-types-status","2":"POST /api/initialize","3":"POST /initialize","4":"GET /api/util/list-routes","5":"GET /util/list-routes","6":"POST /api/util/restart-server","7":"POST /util/restart-server","8":"GET /api/util/fetchEventTypes","9":"GET /util/fetchEventTypes","level":"info","message":"[registerRoutes.js] Routes registered:","timestamp":"2025-03-02 13:01:27"}
{"level":"info","message":"[registerRoutes.js] Routes setup complete","timestamp":"2025-03-02 13:01:27"}
{"level":"info","message":"[server.js] Routes initialized","timestamp":"2025-03-02 13:01:27"}
{"count":16,"level":"info","message":"[fetchEventTypes.js] Event types loaded from database","timestamp":"2025-03-02 13:01:27"}
{"level":"info","message":"[fetchEventTypes.js] eventTypes.js file generated successfully","timestamp":"2025-03-02 13:01:27"}
{"count":21,"level":"info","message":"[fetchApiColumns.js] API columns loaded from database","timestamp":"2025-03-02 13:01:27"}
{"level":"info","message":"[fetchApiColumns.js] apiColumns.js file generated successfully","timestamp":"2025-03-02 13:01:27"}
{"level":"info","message":"[server.js] Starting server on port 3001","timestamp":"2025-03-02 13:01:27"}
{"level":"info","message":"[server.js] Server timeouts configured: keepAlive=5s, headers=6s","timestamp":"2025-03-02 13:01:27"}
{"level":"info","message":"[server.js] Server is running on http://localhost:3001","timestamp":"2025-03-02 13:01:27"}
{"level":"info","message":"[app.js]  Request received: POST /auth/login","timestamp":"2025-03-02 13:02:01"}
{"headers":{"content-type":"application/json","user-agent":"Mozilla/5.0 (Windows NT 10.0; Win64; x64) AppleWebKit/537.36 (KHTML, like Gecko) Chrome/133.0.0.0 Safari/537.36"},"level":"http","message":"[app.js]  Request","method":"POST","path":"/auth/login","timestamp":"2025-03-02 13:02:01"}
{"level":"warn","message":"[server.js] Route not found: POST /auth/login","timestamp":"2025-03-02 13:02:02"}
{"level":"info","message":"Performance measurement for http_request","performance":{"duration":8.3836,"method":"POST","operation":"http_request","path":"/auth/login","status":404},"timestamp":"2025-03-02 13:02:02"}
{"level":"debug","message":"[dbManager.js] Health check passed","timestamp":"2025-03-02 13:06:27"}
{"level":"info","message":"[app.js]  Request received: POST /auth/login","timestamp":"2025-03-02 13:08:23"}
{"headers":{"content-type":"application/json","user-agent":"Mozilla/5.0 (Windows NT 10.0; Win64; x64) AppleWebKit/537.36 (KHTML, like Gecko) Chrome/133.0.0.0 Safari/537.36"},"level":"http","message":"[app.js]  Request","method":"POST","path":"/auth/login","timestamp":"2025-03-02 13:08:23"}
{"level":"warn","message":"[server.js] Route not found: POST /auth/login","timestamp":"2025-03-02 13:08:23"}
{"level":"info","message":"Performance measurement for http_request","performance":{"duration":3.5103,"method":"POST","operation":"http_request","path":"/auth/login","status":404},"timestamp":"2025-03-02 13:08:23"}
{"level":"debug","message":"[dbManager.js] Health check passed","timestamp":"2025-03-02 13:11:27"}
