{"level":"debug","message":"[dbManager.js] Health check passed","timestamp":"2025-03-01 03:55:35"}
{"level":"info","message":"Log file rotated","newFilename":"C:\\Users\\pc790\\whatsfresh\\Projects\\wf-server\\server\\logs\\application-2025-03-01.log","oldFilename":"C:\\Users\\pc790\\whatsfresh\\Projects\\wf-server\\server\\logs\\application-2025-02-28.log","timestamp":"2025-03-01 03:55:35"}
{"level":"debug","message":"[dbManager.js] Health check passed","timestamp":"2025-03-01 08:02:37"}
{"level":"debug","message":"[dbManager.js] Health check passed","timestamp":"2025-03-01 08:03:37"}
{"level":"debug","message":"[dbManager.js] Health check passed","timestamp":"2025-03-01 08:04:36"}
{"level":"debug","message":"[dbManager.js] Health check passed","timestamp":"2025-03-01 08:05:36"}
{"level":"debug","message":"[dbManager.js] Health check passed","timestamp":"2025-03-01 08:06:36"}
{"level":"debug","message":"[dbManager.js] Health check passed","timestamp":"2025-03-01 08:07:36"}
{"level":"info","message":"[app.js]  Request received: POST /auth/login","timestamp":"2025-03-01 08:07:53"}
{"headers":{"content-type":"application/json","user-agent":"Mozilla/5.0 (Windows NT 10.0; Win64; x64) AppleWebKit/537.36 (KHTML, like Gecko) Chrome/133.0.0.0 Safari/537.36"},"level":"http","message":"[app.js]  Request","method":"POST","path":"/auth/login","timestamp":"2025-03-01 08:07:53"}
{"level":"warn","message":"[server.js] Route not found: POST /auth/login","timestamp":"2025-03-01 08:07:53"}
{"level":"info","message":"Performance measurement for http_request","performance":{"duration":2.6491,"method":"POST","operation":"http_request","path":"/auth/login","status":404},"timestamp":"2025-03-01 08:07:53"}
{"level":"debug","message":"[dbManager.js] Health check passed","timestamp":"2025-03-01 08:08:36"}
{"level":"debug","message":"[dbManager.js] Health check passed","timestamp":"2025-03-01 08:09:36"}
{"level":"debug","message":"[dbManager.js] Health check passed","timestamp":"2025-03-01 08:10:36"}
{"level":"debug","message":"[dbManager.js] Health check passed","timestamp":"2025-03-01 08:11:37"}
{"level":"debug","message":"[dbManager.js] Health check passed","timestamp":"2025-03-01 08:12:37"}
{"level":"debug","message":"[dbManager.js] Health check passed","timestamp":"2025-03-01 08:13:37"}
{"level":"debug","message":"[dbManager.js] Health check passed","timestamp":"2025-03-01 08:14:37"}
{"level":"debug","message":"[dbManager.js] Health check passed","timestamp":"2025-03-01 08:15:37"}
{"level":"debug","message":"[dbManager.js] Health check passed","timestamp":"2025-03-01 08:16:37"}
{"level":"debug","message":"[dbManager.js] Health check passed","timestamp":"2025-03-01 08:17:37"}
{"level":"debug","message":"[dbManager.js] Health check passed","timestamp":"2025-03-01 08:18:37"}
{"level":"debug","message":"[dbManager.js] Health check passed","timestamp":"2025-03-01 08:19:37"}
{"level":"debug","message":"[dbManager.js] Health check passed","timestamp":"2025-03-01 08:20:37"}
{"level":"debug","message":"[dbManager.js] Health check passed","timestamp":"2025-03-01 08:21:37"}
{"level":"debug","message":"[dbManager.js] Health check passed","timestamp":"2025-03-01 08:22:37"}
{"level":"debug","message":"[dbManager.js] Health check passed","timestamp":"2025-03-01 08:23:37"}
{"level":"debug","message":"[dbManager.js] Health check passed","timestamp":"2025-03-01 08:24:37"}
{"level":"debug","message":"[dbManager.js] Health check passed","timestamp":"2025-03-01 08:25:37"}
{"level":"debug","message":"[dbManager.js] Health check passed","timestamp":"2025-03-01 08:26:37"}
{"level":"debug","message":"[dbManager.js] Health check passed","timestamp":"2025-03-01 08:27:37"}
{"level":"debug","message":"[dbManager.js] Health check passed","timestamp":"2025-03-01 08:28:37"}
{"level":"debug","message":"[dbManager.js] Health check passed","timestamp":"2025-03-01 08:29:37"}
{"level":"debug","message":"[dbManager.js] Health check passed","timestamp":"2025-03-01 08:30:37"}
{"level":"debug","message":"[dbManager.js] Health check passed","timestamp":"2025-03-01 08:31:37"}
{"level":"debug","message":"[dbManager.js] Health check passed","timestamp":"2025-03-01 08:32:37"}
{"level":"debug","message":"[dbManager.js] Health check passed","timestamp":"2025-03-01 08:33:37"}
{"level":"debug","message":"[dbManager.js] Health check passed","timestamp":"2025-03-01 08:34:37"}
{"level":"debug","message":"[dbManager.js] Health check passed","timestamp":"2025-03-01 08:35:37"}
{"level":"debug","message":"[dbManager.js] Health check passed","timestamp":"2025-03-01 08:36:37"}
{"level":"debug","message":"[dbManager.js] Health check passed","timestamp":"2025-03-01 08:37:37"}
{"level":"debug","message":"[dbManager.js] Health check passed","timestamp":"2025-03-01 08:38:37"}
{"level":"debug","message":"[dbManager.js] Health check passed","timestamp":"2025-03-01 08:39:37"}
{"level":"debug","message":"[dbManager.js] Health check passed","timestamp":"2025-03-01 08:40:37"}
{"level":"debug","message":"[dbManager.js] Health check passed","timestamp":"2025-03-01 08:41:37"}
{"level":"debug","message":"[dbManager.js] Health check passed","timestamp":"2025-03-01 08:42:37"}
{"level":"debug","message":"[dbManager.js] Health check passed","timestamp":"2025-03-01 08:43:37"}
{"level":"debug","message":"[dbManager.js] Health check passed","timestamp":"2025-03-01 08:44:37"}
{"level":"debug","message":"[dbManager.js] Health check passed","timestamp":"2025-03-01 08:45:37"}
{"level":"debug","message":"[dbManager.js] Health check passed","timestamp":"2025-03-01 08:46:37"}
{"level":"debug","message":"[dbManager.js] Health check passed","timestamp":"2025-03-01 08:47:37"}
{"level":"debug","message":"[dbManager.js] Health check passed","timestamp":"2025-03-01 08:48:37"}
{"level":"debug","message":"[dbManager.js] Health check passed","timestamp":"2025-03-01 08:49:37"}
{"level":"debug","message":"[dbManager.js] Health check passed","timestamp":"2025-03-01 08:50:37"}
{"level":"debug","message":"[dbManager.js] Health check passed","timestamp":"2025-03-01 08:51:37"}
{"level":"debug","message":"[dbManager.js] Health check passed","timestamp":"2025-03-01 08:52:37"}
{"level":"debug","message":"[dbManager.js] Health check passed","timestamp":"2025-03-01 08:53:37"}
{"level":"debug","message":"[dbManager.js] Health check passed","timestamp":"2025-03-01 08:54:37"}
{"level":"debug","message":"[dbManager.js] Health check passed","timestamp":"2025-03-01 08:55:37"}
{"level":"debug","message":"[dbManager.js] Health check passed","timestamp":"2025-03-01 08:56:37"}
{"level":"debug","message":"[dbManager.js] Health check passed","timestamp":"2025-03-01 08:57:37"}
{"level":"debug","message":"[dbManager.js] Health check passed","timestamp":"2025-03-01 08:58:37"}
{"level":"debug","message":"[dbManager.js] Health check passed","timestamp":"2025-03-01 08:59:37"}
{"level":"debug","message":"[dbManager.js] Health check passed","timestamp":"2025-03-01 09:00:37"}
{"level":"debug","message":"[dbManager.js] Health check passed","timestamp":"2025-03-01 09:01:37"}
{"level":"debug","message":"[dbManager.js] Health check passed","timestamp":"2025-03-01 09:02:37"}
{"level":"debug","message":"[dbManager.js] Health check passed","timestamp":"2025-03-01 09:03:37"}
{"level":"debug","message":"[dbManager.js] Health check passed","timestamp":"2025-03-01 09:04:37"}
{"level":"debug","message":"[dbManager.js] Health check passed","timestamp":"2025-03-01 09:05:37"}
{"level":"debug","message":"[dbManager.js] Health check passed","timestamp":"2025-03-01 09:06:37"}
{"level":"debug","message":"[dbManager.js] Health check passed","timestamp":"2025-03-01 09:07:37"}
{"level":"debug","message":"[dbManager.js] Health check passed","timestamp":"2025-03-01 09:08:37"}
{"level":"debug","message":"[dbManager.js] Health check passed","timestamp":"2025-03-01 09:09:37"}
{"level":"debug","message":"[dbManager.js] Health check passed","timestamp":"2025-03-01 09:10:37"}
{"level":"debug","message":"[dbManager.js] Health check passed","timestamp":"2025-03-01 09:11:37"}
{"level":"debug","message":"[dbManager.js] Health check passed","timestamp":"2025-03-01 09:12:37"}
{"level":"debug","message":"[dbManager.js] Health check passed","timestamp":"2025-03-01 09:13:37"}
{"level":"debug","message":"[dbManager.js] Health check passed","timestamp":"2025-03-01 09:14:37"}
{"level":"debug","message":"[dbManager.js] Health check passed","timestamp":"2025-03-01 09:15:37"}
{"level":"debug","message":"[dbManager.js] Health check passed","timestamp":"2025-03-01 09:16:37"}
{"level":"debug","message":"[dbManager.js] Health check passed","timestamp":"2025-03-01 09:17:37"}
{"level":"debug","message":"[dbManager.js] Health check passed","timestamp":"2025-03-01 09:18:37"}
{"level":"debug","message":"[dbManager.js] Health check passed","timestamp":"2025-03-01 09:19:37"}
{"level":"debug","message":"[dbManager.js] Health check passed","timestamp":"2025-03-01 09:20:37"}
{"level":"debug","message":"[dbManager.js] Health check passed","timestamp":"2025-03-01 09:21:37"}
{"level":"debug","message":"[dbManager.js] Health check passed","timestamp":"2025-03-01 09:22:37"}
{"level":"debug","message":"[dbManager.js] Health check passed","timestamp":"2025-03-01 09:23:37"}
{"level":"debug","message":"[dbManager.js] Health check passed","timestamp":"2025-03-01 09:24:37"}
{"level":"debug","message":"[dbManager.js] Health check passed","timestamp":"2025-03-01 09:25:37"}
{"level":"debug","message":"[dbManager.js] Health check passed","timestamp":"2025-03-01 09:26:37"}
{"level":"debug","message":"[dbManager.js] Health check passed","timestamp":"2025-03-01 09:27:37"}
{"level":"debug","message":"[dbManager.js] Health check passed","timestamp":"2025-03-01 09:28:37"}
{"level":"debug","message":"[dbManager.js] Health check passed","timestamp":"2025-03-01 09:29:37"}
{"level":"debug","message":"[dbManager.js] Health check passed","timestamp":"2025-03-01 09:30:37"}
{"level":"debug","message":"[dbManager.js] Health check passed","timestamp":"2025-03-01 09:31:37"}
{"level":"debug","message":"[dbManager.js] Health check passed","timestamp":"2025-03-01 09:32:37"}
{"level":"debug","message":"[dbManager.js] Health check passed","timestamp":"2025-03-01 09:33:37"}
{"level":"debug","message":"[dbManager.js] Health check passed","timestamp":"2025-03-01 09:34:37"}
{"level":"debug","message":"[dbManager.js] Health check passed","timestamp":"2025-03-01 09:35:37"}
{"level":"debug","message":"[dbManager.js] Health check passed","timestamp":"2025-03-01 09:36:37"}
{"level":"debug","message":"[dbManager.js] Health check passed","timestamp":"2025-03-01 09:37:37"}
{"level":"debug","message":"[dbManager.js] Health check passed","timestamp":"2025-03-01 09:38:37"}
{"level":"debug","message":"[dbManager.js] Health check passed","timestamp":"2025-03-01 09:39:37"}
{"level":"debug","message":"[dbManager.js] Health check passed","timestamp":"2025-03-01 09:40:37"}
{"level":"debug","message":"[dbManager.js] Health check passed","timestamp":"2025-03-01 09:41:37"}
{"level":"debug","message":"[dbManager.js] Health check passed","timestamp":"2025-03-01 09:42:37"}
{"level":"debug","message":"[dbManager.js] Health check passed","timestamp":"2025-03-01 09:43:37"}
{"level":"debug","message":"[dbManager.js] Health check passed","timestamp":"2025-03-01 09:44:37"}
{"level":"debug","message":"[dbManager.js] Health check passed","timestamp":"2025-03-01 09:45:37"}
{"level":"debug","message":"[dbManager.js] Health check passed","timestamp":"2025-03-01 09:46:37"}
{"level":"debug","message":"[dbManager.js] Health check passed","timestamp":"2025-03-01 09:47:37"}
{"level":"debug","message":"[dbManager.js] Health check passed","timestamp":"2025-03-01 09:48:37"}
{"level":"debug","message":"[dbManager.js] Health check passed","timestamp":"2025-03-01 09:49:37"}
{"level":"debug","message":"[dbManager.js] Health check passed","timestamp":"2025-03-01 09:50:37"}
{"level":"debug","message":"[dbManager.js] Health check passed","timestamp":"2025-03-01 09:51:37"}
{"level":"debug","message":"[dbManager.js] Health check passed","timestamp":"2025-03-01 09:52:37"}
{"level":"debug","message":"[dbManager.js] Health check passed","timestamp":"2025-03-01 09:53:37"}
{"level":"debug","message":"[dbManager.js] Health check passed","timestamp":"2025-03-01 09:54:37"}
{"level":"debug","message":"[dbManager.js] Health check passed","timestamp":"2025-03-01 09:55:37"}
{"level":"debug","message":"[dbManager.js] Health check passed","timestamp":"2025-03-01 09:56:37"}
{"level":"debug","message":"[dbManager.js] Health check passed","timestamp":"2025-03-01 09:57:37"}
{"level":"debug","message":"[dbManager.js] Health check passed","timestamp":"2025-03-01 09:58:37"}
{"level":"debug","message":"[dbManager.js] Health check passed","timestamp":"2025-03-01 09:59:37"}
{"level":"debug","message":"[dbManager.js] Health check passed","timestamp":"2025-03-01 10:00:37"}
{"level":"debug","message":"[dbManager.js] Health check passed","timestamp":"2025-03-01 10:01:37"}
{"level":"debug","message":"[dbManager.js] Health check passed","timestamp":"2025-03-01 10:02:37"}
{"level":"debug","message":"[dbManager.js] Health check passed","timestamp":"2025-03-01 10:03:37"}
{"level":"debug","message":"[dbManager.js] Health check passed","timestamp":"2025-03-01 10:04:37"}
{"level":"debug","message":"[dbManager.js] Health check passed","timestamp":"2025-03-01 10:05:37"}
{"level":"debug","message":"[dbManager.js] Health check passed","timestamp":"2025-03-01 10:06:38"}
{"level":"debug","message":"[dbManager.js] Health check passed","timestamp":"2025-03-01 10:07:38"}
{"level":"debug","message":"[dbManager.js] Health check passed","timestamp":"2025-03-01 10:08:38"}
{"level":"debug","message":"[dbManager.js] Health check passed","timestamp":"2025-03-01 10:09:38"}
{"level":"debug","message":"[dbManager.js] Health check passed","timestamp":"2025-03-01 10:10:38"}
{"level":"debug","message":"[dbManager.js] Health check passed","timestamp":"2025-03-01 10:11:38"}
{"level":"debug","message":"[dbManager.js] Health check passed","timestamp":"2025-03-01 10:12:38"}
{"level":"debug","message":"[dbManager.js] Health check passed","timestamp":"2025-03-01 13:55:35"}
{"level":"debug","message":"[dbManager.js] Health check passed","timestamp":"2025-03-01 13:56:35"}
{"level":"debug","message":"[dbManager.js] Health check passed","timestamp":"2025-03-01 13:57:35"}
